<?xml version="1.0" encoding="UTF-8" ?>
<testsuite errors="1" failures="0" hostname="DESKTOP-D849K7S" name="CalculatorTest" skipped="0" tests="1" time="0.0" timestamp="2021-08-08T11:25:59">
  <properties>
    <property name="build.test.dir" value="D:\Profile\Documents\GitHub\calc\bin\tests" />
    <property name="sun.desktop" value="windows" />
    <property name="awt.toolkit" value="sun.awt.windows.WToolkit" />
    <property name="ant.library.dir" value="C:\Users\Вероника\.p2\pool\plugins\org.apache.ant_1.10.10.v20210426-1926\lib" />
    <property name="java.specification.version" value="11" />
    <property name="ant.project.name" value="JUNIT" />
    <property name="sun.cpu.isalist" value="amd64" />
    <property name="sun.jnu.encoding" value="Cp1251" />
    <property name="java.class.path" value="D:\Profile\Documents\GitHub\calc\junit-4.13.2.jar;D:\Profile\Documents\GitHub\calc\bin;D:\Profile\Documents\GitHub\calc\bin\tests;C:\Users\Вероника\.p2\pool\plugins\org.apache.ant_1.10.10.v20210426-1926\lib\ant-launcher.jar;C:\Users\Вероника\.p2\pool\plugins\org.apache.ant_1.10.10.v20210426-1926\lib\ant.jar;C:\Users\Вероника\.p2\pool\plugins\org.apache.ant_1.10.10.v20210426-1926\lib\ant-junit.jar;C:\Users\Вероника\.p2\pool\plugins\org.apache.ant_1.10.10.v20210426-1926\lib\ant-junit4.jar" />
    <property name="java.vm.vendor" value="Amazon.com Inc." />
    <property name="ant.file.JUNIT" value="D:\Profile\Documents\GitHub\calc\build.xml" />
    <property name="sun.arch.data.model" value="64" />
    <property name="user.variant" value="" />
    <property name="java.vendor.url" value="https://aws.amazon.com/corretto/" />
    <property name="user.timezone" value="" />
    <property name="java.vm.specification.version" value="11" />
    <property name="os.name" value="Windows 10" />
    <property name="sun.java.launcher" value="SUN_STANDARD" />
    <property name="user.country" value="BG" />
    <property name="sun.boot.library.path" value="C:\Program Files\Amazon Corretto\jdk11.0.8_10\bin" />
    <property name="sun.java.command" value="org.apache.tools.ant.taskdefs.optional.junit.JUnitTestRunner CalculatorTest skipNonTests=false filtertrace=true haltOnError=false haltOnFailure=true formatter=org.apache.tools.ant.taskdefs.optional.junit.SummaryJUnitResultFormatter showoutput=false outputtoformatters=true logfailedtests=true threadid=0 logtestlistenerevents=false formatter=org.apache.tools.ant.taskdefs.optional.junit.XMLJUnitResultFormatter,D:\Profile\Documents\GitHub\calc\testreport\TEST-CalculatorTest.xml crashfile=D:\Profile\Documents\GitHub\calc\junitvmwatcher16919355987601176335.properties propsfile=D:\Profile\Documents\GitHub\calc\junit15052390627333660189.properties" />
    <property name="jdk.debug" value="release" />
    <property name="sun.cpu.endian" value="little" />
    <property name="test.dir" value="D:\Profile\Documents\GitHub\calc\src\calc" />
    <property name="user.home" value="C:\Users\Вероника" />
    <property name="user.language" value="bg" />
    <property name="eclipse.pdebuild.templates" value="C:\Users\Вероника\eclipse\java-2021-06\eclipse\..\..\..\.p2\pool\plugins\org.eclipse.pde.build_3.11.0.v20210429-0618\templates" />
    <property name="java.specification.vendor" value="Oracle Corporation" />
    <property name="java.version.date" value="2020-07-14" />
    <property name="java.home" value="C:\Program Files\Amazon Corretto\jdk11.0.8_10" />
    <property name="basedir" value="D:\Profile\Documents\GitHub\calc" />
    <property name="file.separator" value="\" />
    <property name="eclipse.pdebuild.home" value="C:\Users\Вероника\eclipse\java-2021-06\eclipse\..\..\..\.p2\pool\plugins\org.eclipse.pde.build_3.11.0.v20210429-0618\." />
    <property name="java.vm.compressedOopsMode" value="32-bit" />
    <property name="line.separator" value="&#xd;&#xa;" />
    <property name="ant.java.version" value="11" />
    <property name="java.specification.name" value="Java Platform API Specification" />
    <property name="java.vm.specification.vendor" value="Oracle Corporation" />
    <property name="java.awt.graphicsenv" value="sun.awt.Win32GraphicsEnvironment" />
    <property name="ant.file.type.JUNIT" value="file" />
    <property name="test.report.dir" value="D:\Profile\Documents\GitHub\calc\testreport" />
    <property name="user.script" value="" />
    <property name="sun.management.compiler" value="HotSpot 64-Bit Tiered Compilers" />
    <property name="java.runtime.version" value="11.0.8+10-LTS" />
    <property name="user.name" value="‚Ґа®­ЁЄ " />
    <property name="ant.file" value="D:\Profile\Documents\GitHub\calc\build.xml" />
    <property name="path.separator" value=";" />
    <property name="os.version" value="10.0" />
    <property name="java.runtime.name" value="OpenJDK Runtime Environment" />
    <property name="ant.project.invoked-targets" value="main" />
    <property name="file.encoding" value="Cp1251" />
    <property name="java.vm.name" value="OpenJDK 64-Bit Server VM" />
    <property name="java.vendor.version" value="Corretto-11.0.8.10.1" />
    <property name="ant.core.lib" value="C:\Users\Вероника\.p2\pool\plugins\org.apache.ant_1.10.10.v20210426-1926\lib\ant.jar" />
    <property name="build.dir" value="D:\Profile\Documents\GitHub\calc\bin" />
    <property name="java.vendor.url.bug" value="https://github.com/corretto/corretto-11/issues/" />
    <property name="java.io.tmpdir" value="C:\Users\1C98~1\AppData\Local\Temp\" />
    <property name="java.version" value="11.0.8" />
    <property name="user.dir" value="D:\Profile\Documents\GitHub\calc" />
    <property name="os.arch" value="amd64" />
    <property name="java.vm.specification.name" value="Java Virtual Machine Specification" />
    <property name="java.awt.printerjob" value="sun.awt.windows.WPrinterJob" />
    <property name="ant.home" value="C:\Users\Вероника\.p2\pool\plugins\org.apache.ant_1.10.10.v20210426-1926" />
    <property name="sun.os.patch.level" value="" />
    <property name="ant.version" value="Apache Ant(TM) version 1.10.10 compiled on April 12 2021" />
    <property name="eclipse.pdebuild.scripts" value="C:\Users\Вероника\eclipse\java-2021-06\eclipse\..\..\..\.p2\pool\plugins\org.eclipse.pde.build_3.11.0.v20210429-0618\scripts" />
    <property name="java.library.path" value="C:\Program Files\Amazon Corretto\jdk11.0.8_10\bin;C:\WINDOWS\Sun\Java\bin;C:\WINDOWS\system32;C:\WINDOWS;C:/Program Files/Amazon Corretto/jdk11.0.8_10/bin/server;C:/Program Files/Amazon Corretto/jdk11.0.8_10/bin;C:\Program Files (x86)\Common Files\Oracle\Java\javapath;C:\Program Files\Amazon Corretto\jdk11.0.8_10\bin;C:\WINDOWS\system32;C:\WINDOWS;C:\WINDOWS\System32\Wbem;C:\WINDOWS\System32\WindowsPowerShell\v1.0\;C:\WINDOWS\System32\OpenSSH\;C:\Program Files\Microsoft SQL Server\130\Tools\Binn\;C:\Program Files\Microsoft SQL Server\Client SDK\ODBC\170\Tools\Binn\;C:\Program Files\dotnet\;C:\Program Files\nodejs\;C:\Program Files\apache-maven-3.6.3\bin;C:\Program Files\Git\cmd;C:\Program Files (x86)\Microsoft SQL Server\150\Tools\Binn\;C:\Program Files\Microsoft SQL Server\150\Tools\Binn\;C:\Program Files\Microsoft SQL Server\150\DTS\Binn\;C:\Program Files (x86)\Microsoft SQL Server\150\DTS\Binn\;C:\Program Files\Azure Data Studio\bin;C:\Program Files\apache-ant-1.9.16-bin\bin;;C:\Program Files\Docker\Docker\resources\bin;C:\ProgramData\DockerDesktop\version-bin;C:\Users\‚Ґа®­ЁЄ \AppData\Local\Microsoft\WindowsApps;C:\Users\‚Ґа®­ЁЄ \AppData\Local\GitHubDesktop\bin;C:\Users\‚Ґа®­ЁЄ \AppData\Roaming\npm;C:\Users\‚Ґа®­ЁЄ \AppData\Local\Microsoft\WindowsApps;C:\Program Files\Azure Data Studio\bin;C:\Program Files\Amazon Corretto\jdk11.0.8_10\bin;C:\Program Files\apache-ant-1.9.16-bin\bin;;C:\Users\‚Ґа®­ЁЄ \Desktop;;." />
    <property name="java.vm.info" value="mixed mode" />
    <property name="java.vendor" value="Amazon.com Inc." />
    <property name="java.vm.version" value="11.0.8+10-LTS" />
    <property name="sun.io.unicode.encoding" value="UnicodeLittle" />
    <property name="java.class.version" value="55.0" />
    <property name="src.dir" value="D:\Profile\Documents\GitHub\calc\src" />
    <property name="ant.project.default-target" value="main" />
  </properties>
  <error message="CalculatorTest" type="java.lang.ClassNotFoundException">java.lang.ClassNotFoundException: CalculatorTest
	at java.base/jdk.internal.loader.BuiltinClassLoader.loadClass(BuiltinClassLoader.java:581)
	at java.base/jdk.internal.loader.ClassLoaders$AppClassLoader.loadClass(ClassLoaders.java:178)
	at java.base/java.lang.ClassLoader.loadClass(ClassLoader.java:522)
	at java.base/java.lang.Class.forName0(Native Method)
	at java.base/java.lang.Class.forName(Class.java:398)
</error>
  <system-out><![CDATA[]]></system-out>
  <system-err><![CDATA[]]></system-err>
</testsuite>
